<?xml version="1.0" encoding="UTF-8"?>
<testng-results ignored="0" total="1" passed="1" failed="0" skipped="0">
  <reporter-output>
  </reporter-output>
  <suite started-at="2024-10-22T20:00:56 IST" name="Default suite" finished-at="2024-10-22T20:01:04 IST" duration-ms="7828">
    <groups>
    </groups>
    <test started-at="2024-10-22T20:00:56 IST" name="Default test" finished-at="2024-10-22T20:01:04 IST" duration-ms="7828">
      <class name="registerpack.TCRF003">
        <test-method signature="verifyRegisteringAccountWithAllFields()[pri:0, instance:registerpack.TCRF003@6340e5f0]" started-at="2024-10-22T20:00:56 IST" name="verifyRegisteringAccountWithAllFields" finished-at="2024-10-22T20:01:04 IST" duration-ms="7788" status="PASS">
          <reporter-output>
          </reporter-output>
        </test-method> <!-- verifyRegisteringAccountWithAllFields -->
      </class> <!-- registerpack.TCRF003 -->
    </test> <!-- Default test -->
  </suite> <!-- Default suite -->
</testng-results>
